<?xml version="1.0" encoding="UTF-8"?>
<!-- Generated by org.testng.reporters.JUnitXMLReporter -->
<testsuite ignored="0" hostname="AVDESKPC" failures="0" tests="11" name="Test" time="2.444" errors="0" timestamp="2023-03-18T09:55:09 JST">
  <testcase classname="com.api.auto.testcase.TC_API_Login" name="tc001_Validate200Ok" time="0.007"/>
  <testcase classname="com.api.auto.testcase.TC_API_Login" name="tc002_ValidateMessage" time="0.01"/>
  <testcase classname="com.api.auto.testcase.TC_API_Login" name="tc003_ValidateToken" time="0.012"/>
  <testcase classname="com.api.auto.testcase.TC_API_Login" name="tc004_ValidateUserAccount" time="0.009"/>
  <testcase classname="com.api.auto.testcase.TC_API_Login" name="tc005_ValidateUserPassword" time="0.009"/>
  <testcase classname="com.api.auto.testcase.TC_API_Login" name="tc006_ValidateUserType" time="0.009"/>
  <testcase classname="com.api.auto.testcase.TC_API_CreateWork" name="tc001_Validate201Created" time="0.002"/>
  <testcase classname="com.api.auto.testcase.TC_API_CreateWork" name="tc002_ValidateId" time="0.003"/>
  <testcase classname="com.api.auto.testcase.TC_API_CreateWork" name="tc003_ValidateNameWork" time="0.018"/>
  <testcase classname="com.api.auto.testcase.TC_API_CreateWork" name="tc004_ValidateExperience" time="0.012"/>
  <testcase classname="com.api.auto.testcase.TC_API_CreateWork" name="tc005_ValidateEducation" time="0.008"/>
</testsuite> <!-- Test -->
