<?xml version="1.0" encoding="UTF-8"?>
<!-- Generated by org.testng.reporters.JUnitXMLReporter -->
<testsuite ignored="0" hostname="AVDESKPC" failures="0" tests="5" name="Default test" time="1.721" errors="0" timestamp="2023-03-17T14:34:54 JST">
  <testcase classname="com.api.auto.testcase.TC_API_CreateWork" name="tc001_Validate201Created" time="0.007"/>
  <testcase classname="com.api.auto.testcase.TC_API_CreateWork" name="tc002_ValidateId" time="0.002"/>
  <testcase classname="com.api.auto.testcase.TC_API_CreateWork" name="tc003_ValidateNameWork" time="0.389"/>
  <testcase classname="com.api.auto.testcase.TC_API_CreateWork" name="tc004_ValidateExperience" time="0.011"/>
  <testcase classname="com.api.auto.testcase.TC_API_CreateWork" name="tc005_ValidateEducation" time="0.009"/>
</testsuite> <!-- Default test -->
