<?xml version="1.0" encoding="UTF-8"?>
<!-- Generated by org.testng.reporters.JUnitXMLReporter -->
<testsuite ignored="0" hostname="AVDESKPC" failures="0" tests="7" name="Default test" time="148.824" errors="0" timestamp="2023-03-13T13:44:17 JST">
  <testcase classname="com.automation.testcases.TC_LoginTest" name="tc_001_Login_Test" time="23.728"/>
  <testcase classname="com.automation.testcases.TC_LoginTest" name="tc_001_Login_Test" time="9.44"/>
  <testcase classname="com.automation.testcases.TC_LoginTest" name="tc_001_Login_Test" time="24.104"/>
  <testcase classname="com.automation.testcases.TC_LoginTest" name="tc_001_Login_Test" time="10.134"/>
  <testcase classname="com.automation.testcases.TC_LoginTest" name="tc_001_Login_Test" time="10.91"/>
  <testcase classname="com.automation.testcases.TC_LoginTest" name="tc_001_Login_Test" time="14.316"/>
  <testcase classname="com.automation.testcases.TC_LoginTest" name="tc_001_Login_Test" time="12.105"/>
</testsuite> <!-- Default test -->
